<?xml version="1.0" encoding="UTF-8"?>
<!-- Generated by org.testng.reporters.JUnitReportReporter -->
<testsuite hostname="DESKTOP-9282AMU" failures="0" tests="2" name="docker.Docker_setup" time="20.098" errors="0" timestamp="2023-03-21T13:45:46 IST" skipped="0">
  <testcase classname="docker.Docker_setup" name="dockerStart" time="15.058"/>
  <system-out/>
  <testcase classname="docker.Docker_setup" name="dockerStop" time="5.040"/>
  <system-out/>
</testsuite> <!-- docker.Docker_setup -->
