<?xml version="1.0" encoding="UTF-8"?>
<!-- Generated by org.testng.reporters.JUnitReportReporter -->
<testsuite hostname="DESKTOP-9282AMU" failures="0" tests="1" name="docker.Docker3" time="37.406" errors="0" timestamp="2023-03-22T12:50:39 IST" skipped="0">
  <testcase classname="docker.Docker3" name="validateAppNavBar" time="37.406"/>
  <system-out/>
</testsuite> <!-- docker.Docker3 -->
