<?xml version="1.0" encoding="UTF-8"?>
<!-- Generated by org.testng.reporters.JUnitReportReporter -->
<testsuite hostname="DESKTOP-9282AMU" failures="0" tests="1" name="Academy.Docker4" time="15.072" errors="0" timestamp="2023-03-21T12:57:08 IST" skipped="0">
  <testcase classname="Academy.Docker4" name="validateAppNavBar" time="15.072"/>
  <system-out/>
</testsuite> <!-- Academy.Docker4 -->
