<?xml version="1.0" encoding="UTF-8"?>
<!-- Generated by org.testng.reporters.JUnitReportReporter -->
<testsuite hostname="DESKTOP-9282AMU" failures="0" tests="1" name="Academy.Verizon" time="2.928" errors="0" timestamp="2022-06-21T16:00:15 IST" skipped="0">
  <testcase classname="Academy.Verizon" name="validateAppTitle" time="2.928"/>
  <system-out/>
</testsuite> <!-- Academy.Verizon -->
