<?xml version="1.0" encoding="UTF-8"?>
<!-- Generated by org.testng.reporters.JUnitReportReporter -->
<testsuite hostname="DESKTOP-9282AMU" failures="0" tests="1" name="docker.Docker" time="24.286" errors="0" timestamp="2023-03-21T22:49:58 IST" skipped="0">
  <testcase classname="docker.Docker" name="validateAppNavBar" time="24.286"/>
  <system-out/>
</testsuite> <!-- docker.Docker -->
