<?xml version="1.0" encoding="UTF-8"?>
<!-- Generated by org.testng.reporters.JUnitReportReporter -->
<testsuite hostname="DESKTOP-9282AMU" failures="0" tests="1" name="Academy.Docker3" time="30.368" errors="0" timestamp="2023-03-21T12:57:08 IST" skipped="0">
  <testcase classname="Academy.Docker3" name="validateAppNavBar" time="30.368"/>
  <system-out/>
</testsuite> <!-- Academy.Docker3 -->
