<?xml version="1.0" encoding="UTF-8"?>
<!-- Generated by org.testng.reporters.JUnitReportReporter -->
<testsuite hostname="DESKTOP-9282AMU" failures="0" tests="1" name="Academy.Docker" time="48.442" errors="0" timestamp="2023-03-21T12:57:08 IST" skipped="0">
  <testcase classname="Academy.Docker" name="validateAppNavBar" time="48.442"/>
  <system-out/>
</testsuite> <!-- Academy.Docker -->
