<?xml version="1.0" encoding="UTF-8"?>
<!-- Generated by org.testng.reporters.JUnitReportReporter -->
<testsuite hostname="DESKTOP-9282AMU" failures="0" tests="1" name="docker.Docker3" time="80.925" errors="0" timestamp="22 Mar 2023 13:07:18 GMT">
  <testcase classname="docker.Docker3" name="validateAppNavBar" time="80.925"/>
</testsuite> <!-- docker.Docker3 -->
