<?xml version="1.0" encoding="UTF-8"?>
<!-- Generated by org.testng.reporters.JUnitReportReporter -->
<testsuite hostname="DESKTOP-9282AMU" failures="0" tests="1" name="docker.Docker2" time="41.427" errors="0" timestamp="22 Mar 2023 13:07:18 GMT">
  <testcase classname="docker.Docker2" name="validateAppNavBar" time="41.427"/>
</testsuite> <!-- docker.Docker2 -->
